<?xml version="1.0" encoding="UTF-8"?>
<!-- Generated by org.testng.reporters.JUnitXMLReporter -->
<testsuite hostname="Lenovo" ignored="0" name="Test" tests="6" failures="0" timestamp="07 Aug 2022 17:57:00 GMT" time="0.556" errors="0">
  <testcase name="tc02" time="0.038" classname="com.testng.TestNg04"/>
  <testcase name="tc03" time="0.0" classname="com.testng.TestNg04"/>
  <testcase name="tc04" time="0.015" classname="com.testng.TestNg04"/>
  <testcase name="tc05" time="0.016" classname="com.testng.TestNg04"/>
  <testcase name="tc06" time="0.015" classname="com.testng.TestNg04"/>
  <testcase name="tc07" time="0.047" classname="com.testng.TestNg04"/>
</testsuite> <!-- Test -->
